<?xml version="1.0" encoding="UTF-8"?>
<!-- Generated by org.testng.reporters.JUnitReportReporter -->
<testsuite hostname="DESKTOP-SSTGA1B" failures="0" tests="1" name="Log4JBasics.Log4jBasics1" time="0.276" errors="0" timestamp="2024-10-03T08:54:46 IST" skipped="0">
  <testcase classname="Log4JBasics.Log4jBasics1" name="LoginTC1" time="0.276"/>
</testsuite> <!-- Log4JBasics.Log4jBasics1 -->
