<?xml version="1.0" encoding="UTF-8"?>
<!-- Generated by org.testng.reporters.JUnitReportReporter -->
<testsuite hostname="DESKTOP-SSTGA1B" failures="0" tests="1" name="com.birla.AndroidTest" time="0.022" errors="0" timestamp="2024-09-30T09:47:40 IST" skipped="0">
  <testcase classname="com.birla.AndroidTest" name="testB" time="0.022"/>
</testsuite> <!-- com.birla.AndroidTest -->
