<?xml version="1.0" encoding="UTF-8"?>
<!-- Generated by org.testng.reporters.JUnitReportReporter -->
<testsuite hostname="DESKTOP-SSTGA1B" failures="0" tests="1" name="ExtentReportsBasics.ExtentReports1" time="1.987" errors="0" timestamp="2024-10-02T09:26:15 IST" skipped="0">
  <testcase classname="ExtentReportsBasics.ExtentReports1" name="testA" time="1.987"/>
</testsuite> <!-- ExtentReportsBasics.ExtentReports1 -->
