<?xml version="1.0" encoding="UTF-8"?>
<!-- Generated by org.testng.reporters.JUnitReportReporter -->
<testsuite hostname="DESKTOP-SSTGA1B" failures="0" tests="1" name="com.birla.MobileTest" time="0.003" errors="0" timestamp="2024-09-30T09:47:40 IST" skipped="0">
  <testcase classname="com.birla.MobileTest" name="testA" time="0.003"/>
</testsuite> <!-- com.birla.MobileTest -->
