<?xml version="1.0" encoding="UTF-8"?>
<!-- Generated by org.testng.reporters.JUnitReportReporter -->
<testsuite hostname="DESKTOP-SSTGA1B" failures="0" tests="1" name="TestCases.CreateNewUserTc03" time="19.393" errors="0" timestamp="2024-10-05T10:01:26 IST" skipped="0">
  <testcase classname="TestCases.CreateNewUserTc03" name="createNewUserTc03" time="19.393"/>
</testsuite> <!-- TestCases.CreateNewUserTc03 -->
