<?xml version="1.0" encoding="UTF-8"?>
<!-- Generated by org.testng.reporters.JUnitReportReporter -->
<testsuite hostname="DESKTOP-SSTGA1B" failures="0" tests="2" name="ExtentReportsBasics.ExtentReports2" time="0.045" errors="0" timestamp="2024-10-02T09:37:30 IST" skipped="0">
  <testcase classname="ExtentReportsBasics.ExtentReports2" name="testA" time="0.041"/>
  <testcase classname="ExtentReportsBasics.ExtentReports2" name="testB" time="0.004"/>
</testsuite> <!-- ExtentReportsBasics.ExtentReports2 -->
