<?xml version="1.0" encoding="UTF-8"?>
<!-- Generated by org.testng.reporters.JUnitReportReporter -->
<testsuite hostname="DESKTOP-SSTGA1B" failures="0" tests="1" name="TestCases.LoginTC2InvalidUser" time="7.469" errors="0" timestamp="2024-10-05T10:41:53 IST" skipped="0">
  <testcase classname="TestCases.LoginTC2InvalidUser" name="loginTC2" time="7.469"/>
</testsuite> <!-- TestCases.LoginTC2InvalidUser -->
